sample.interval=20000
"&" ".rs.startsWith" ".rs.fuzzyMatches" ".rs.selectFuzzyMatches" ".rs.getCompletionsHelp" "<Anonymous>" 
"lazyLoadDBfetch" "fetch" "fun" "lazyLoadDBexec" "<Anonymous>" "<Anonymous>" "prepare_Rd" "Rd2HTML" "<Anonymous>" ".rs.getHelp" "<Anonymous>" 
"gzfile" "readRDS" "FUN" "lapply" "find.package" "index.search" "help" "eval" "eval" "?" 
"lazyLoadDBfetch" "fetch" "fun" "lazyLoadDBexec" "<Anonymous>" "<Anonymous>" "prepare_Rd" "Rd2HTML" "<Anonymous>" "doTryCatch" "tryCatchOne" "tryCatchList" "tryCatch" "try" 
"sub" "<Anonymous>" "doTryCatch" "tryCatchOne" "tryCatchList" "tryCatch" "try" 
"fsub" "htmlify" "isBlankLineRd" "addParaBreaks" "writeLines" "writeLinesUTF8" "of1" "writeBlock" "writeContent" "writeHref" "writeLink" "writeBlock" "writeContent" "writeWrapped" "writeBlock" "writeContent" "writeSection" "Rd2HTML" "<Anonymous>" "doTryCatch" "tryCatchOne" "tryCatchList" "tryCatch" "try" 
"readRDS" "FUN" "lapply" "find.package" "index.search" "<Anonymous>" ".rs.getHelp" "<Anonymous>" 
"writeContent" "writeSection" "Rd2HTML" "<Anonymous>" ".rs.getHelp" "<Anonymous>" 
"file.path" "file.exists" "index.search" "<Anonymous>" ".rs.getHelp" "<Anonymous>" 
"grepl" "addParaBreaks" "writeLines" "writeLinesUTF8" "of1" "writeBlock" "writeContent" "writeSection" "Rd2HTML" "<Anonymous>" ".rs.getHelp" "<Anonymous>" 
"tolower" "nchar" ".rs.startsWith" ".rs.fuzzyMatches" ".rs.selectFuzzyMatches" ".rs.getCompletionsHelp" "<Anonymous>" 
"readRDS" "index.search" "<Anonymous>" ".rs.getHelp" "<Anonymous>" 
"fsub" "htmlify" "isBlankLineRd" "addParaBreaks" "writeLines" "writeLinesUTF8" "of1" "writeBlock" "writeContent" "writeContent" "writeSection" "Rd2HTML" "<Anonymous>" ".rs.getHelp" "<Anonymous>" 
"fsub" "vhtmlify" "writeLines" "writeLinesUTF8" "of1" "writeBlock" "writeContent" "writeSection" "Rd2HTML" "<Anonymous>" ".rs.getHelp" "<Anonymous>" 
"sprintf" ".make_numeric_version" "numeric_version" "as.numeric_version" "Ops.numeric_version" ">=" ".rs.httpdPortIsFunction" "<Anonymous>" ".Call" "browser" "browseURL" "print.help_files_with_topic" "<Anonymous>" 
"fsub" "vhtmlify" "writeLines" "writeLinesUTF8" "of1" "writeBlock" "writeContent" "writeWrapped" "writeBlock" "writeContent" "writeSection" "Rd2HTML" "<Anonymous>" "doTryCatch" "tryCatchOne" "tryCatchList" "tryCatch" "try" 
"%in%" "writeBlock" "writeContent" "writeSection" "Rd2HTML" "<Anonymous>" "doTryCatch" "tryCatchOne" "tryCatchList" "tryCatch" "try" 
"grep" "<Anonymous>" 
"aperm" "apply" "find.package" "index.search" "help" "eval" "eval" "?" 
"objects" "match" "checkConflicts" "attach" "attachNamespace" "doTryCatch" "tryCatchOne" "tryCatchList" "tryCatch" "try" "library" 
"isNamespaceLoaded" "find.package" "index.search" "help" "eval" "eval" "?" 
"lazyLoadDBfetch" "fetch" "fun" "lazyLoadDBexec" "<Anonymous>" "<Anonymous>" "prepare_Rd" "Rd2HTML" "<Anonymous>" "doTryCatch" "tryCatchOne" "tryCatchList" "tryCatch" "try" 
"writeBlock" "writeContent" "writeWrapped" "writeBlock" "writeContent" "writeSection" "Rd2HTML" "<Anonymous>" "doTryCatch" "tryCatchOne" "tryCatchList" "tryCatch" "try" 
"lazyLoadDBfetch" "fetch" "fun" "lazyLoadDBexec" "<Anonymous>" "<Anonymous>" "prepare_Rd" "Rd2HTML" "<Anonymous>" "doTryCatch" "tryCatchOne" "tryCatchList" "tryCatch" "try" 
"match" "%in%" "writeBlock" "writeContent" "writeSection" "Rd2HTML" "<Anonymous>" "doTryCatch" "tryCatchOne" "tryCatchList" "tryCatch" "try" 
"strsplit" "<Anonymous>" 
"lazyLoadDBfetch" "make.functionContext" "cmpfun" 
"lazyLoadDBfetch" "h" "tryInline" "cmpCall" "cmp" "cmpPrim2" "h" "tryInline" "cmpCall" "cmp" "cmpComplexAssign" "h" "tryInline" "cmpCall" "cmp" "cmpForBody" "h" "tryInline" "cmpCall" "cmp" "genCode" "cmpfun" 
"grepl" "<Anonymous>" 
"Encoding<-" "<Anonymous>" 
"isNamespace" "asNamespace" "getExportedValue" "::" 
"<Anonymous>" 
"save" "save.image" "sys.save.image" 
"file.rename" "save.image" "sys.save.image" 
